# JRE version: OpenJDK Runtime Environment (8.0_242) (build 1.8.0_242-release-1644-b3-6222593)
# Java VM: OpenJDK 64-Bit Server VM (25.242-b3-6222593 mixed mode linux-amd64 compressed oops)
Heap:
 PSYoungGen      total 394240K, used 0K [0x00000000d5580000, 0x00000000f2300000, 0x0000000100000000)
  eden space 357888K, 0% used [0x00000000d5580000,0x00000000d5580000,0x00000000eb300000)
  from space 36352K, 0% used [0x00000000ee380000,0x00000000ee380000,0x00000000f0700000)
  to   space 49664K, 0% used [0x00000000eb300000,0x00000000eb300000,0x00000000ee380000)
 ParOldGen       total 126976K, used 94806K [0x0000000080000000, 0x0000000087c00000, 0x00000000d5580000)
  object space 126976K, 74% used [0x0000000080000000,0x0000000085c95b38,0x0000000087c00000)
 Metaspace       used 94616K, capacity 98300K, committed 98600K, reserved 1134592K
  class space    used 12363K, capacity 13097K, committed 13216K, reserved 1048576K
GC Heap History (10 events):
Event: 9.054 GC heap after
Heap after GC invocations=13 (full 3):
 PSYoungGen      total 278016K, used 0K [0x00000000d5580000, 0x00000000e8380000, 0x0000000100000000)
  eden space 261632K, 0% used [0x00000000d5580000,0x00000000d5580000,0x00000000e5500000)
  from space 16384K, 0% used [0x00000000e6b00000,0x00000000e6b00000,0x00000000e7b00000)
  to   space 22528K, 0% used [0x00000000e5500000,0x00000000e5500000,0x00000000e6b00000)
 ParOldGen       total 126976K, used 39149K [0x0000000080000000, 0x0000000087c00000, 0x00000000d5580000)
  object space 126976K, 30% used [0x0000000080000000,0x000000008263b480,0x0000000087c00000)
 Metaspace       used 56842K, capacity 59008K, committed 59160K, reserved 1099776K
  class space    used 7666K, capacity 8137K, committed 8224K, reserved 1048576K
}
Event: 13.093 GC heap before
{Heap before GC invocations=14 (full 3):
 PSYoungGen      total 278016K, used 261632K [0x00000000d5580000, 0x00000000e8380000, 0x0000000100000000)
  eden space 261632K, 100% used [0x00000000d5580000,0x00000000e5500000,0x00000000e5500000)
  from space 16384K, 0% used [0x00000000e6b00000,0x00000000e6b00000,0x00000000e7b00000)
  to   space 22528K, 0% used [0x00000000e5500000,0x00000000e5500000,0x00000000e6b00000)
 ParOldGen       total 126976K, used 39149K [0x0000000080000000, 0x0000000087c00000, 0x00000000d5580000)
  object space 126976K, 30% used [0x0000000080000000,0x000000008263b480,0x0000000087c00000)
 Metaspace       used 67999K, capacity 70950K, committed 71192K, reserved 1110016K
  class space    used 9250K, capacity 9894K, committed 10016K, reserved 1048576K
Event: 13.134 GC heap after
Heap after GC invocations=14 (full 3):
 PSYoungGen      total 284160K, used 22525K [0x00000000d5580000, 0x00000000ecc00000, 0x0000000100000000)
  eden space 261632K, 0% used [0x00000000d5580000,0x00000000d5580000,0x00000000e5500000)
  from space 22528K, 99% used [0x00000000e5500000,0x00000000e6aff638,0x00000000e6b00000)
  to   space 31232K, 0% used [0x00000000ead80000,0x00000000ead80000,0x00000000ecc00000)
 ParOldGen       total 126976K, used 53809K [0x0000000080000000, 0x0000000087c00000, 0x00000000d5580000)
  object space 126976K, 42% used [0x0000000080000000,0x000000008348c468,0x0000000087c00000)
 Metaspace       used 67999K, capacity 70950K, committed 71192K, reserved 1110016K
  class space    used 9250K, capacity 9894K, committed 10016K, reserved 1048576K
}
Event: 16.602 GC heap before
{Heap before GC invocations=15 (full 3):
 PSYoungGen      total 284160K, used 284157K [0x00000000d5580000, 0x00000000ecc00000, 0x0000000100000000)
  eden space 261632K, 100% used [0x00000000d5580000,0x00000000e5500000,0x00000000e5500000)
  from space 22528K, 99% used [0x00000000e5500000,0x00000000e6aff638,0x00000000e6b00000)
  to   space 31232K, 0% used [0x00000000ead80000,0x00000000ead80000,0x00000000ecc00000)
 ParOldGen       total 126976K, used 53809K [0x0000000080000000, 0x0000000087c00000, 0x00000000d5580000)
  object space 126976K, 42% used [0x0000000080000000,0x000000008348c468,0x0000000087c00000)
 Metaspace       used 73504K, capacity 76702K, committed 76824K, reserved 1116160K
  class space    used 9871K, capacity 10526K, committed 10528K, reserved 1048576K
Event: 16.644 GC heap after
Heap after GC invocations=15 (full 3):
 PSYoungGen      total 345088K, used 21892K [0x00000000d5580000, 0x00000000eca00000, 0x0000000100000000)
  eden space 315904K, 0% used [0x00000000d5580000,0x00000000d5580000,0x00000000e8a00000)
  from space 29184K, 75% used [0x00000000ead80000,0x00000000ec2e10e0,0x00000000eca00000)
  to   space 32768K, 0% used [0x00000000e8a00000,0x00000000e8a00000,0x00000000eaa00000)
 ParOldGen       total 126976K, used 74870K [0x0000000080000000, 0x0000000087c00000, 0x00000000d5580000)
  object space 126976K, 58% used [0x0000000080000000,0x000000008491d8f0,0x0000000087c00000)
 Metaspace       used 73504K, capacity 76702K, committed 76824K, reserved 1116160K
  class space    used 9871K, capacity 10526K, committed 10528K, reserved 1048576K
}
Event: 35.302 GC heap before
{Heap before GC invocations=16 (full 3):
 PSYoungGen      total 345088K, used 337796K [0x00000000d5580000, 0x00000000eca00000, 0x0000000100000000)
  eden space 315904K, 100% used [0x00000000d5580000,0x00000000e8a00000,0x00000000e8a00000)
  from space 29184K, 75% used [0x00000000ead80000,0x00000000ec2e10e0,0x00000000eca00000)
  to   space 32768K, 0% used [0x00000000e8a00000,0x00000000e8a00000,0x00000000eaa00000)
 ParOldGen       total 126976K, used 74870K [0x0000000080000000, 0x0000000087c00000, 0x00000000d5580000)
  object space 126976K, 58% used [0x0000000080000000,0x000000008491d8f0,0x0000000087c00000)
 Metaspace       used 81812K, capacity 85346K, committed 85528K, reserved 1124352K
  class space    used 10832K, capacity 11496K, committed 11552K, reserved 1048576K
Event: 35.335 GC heap after
Heap after GC invocations=16 (full 3):
 PSYoungGen      total 348672K, used 29399K [0x00000000d5580000, 0x00000000f0700000, 0x0000000100000000)
  eden space 315904K, 0% used [0x00000000d5580000,0x00000000d5580000,0x00000000e8a00000)
  from space 32768K, 89% used [0x00000000e8a00000,0x00000000ea6b5ef0,0x00000000eaa00000)
  to   space 36352K, 0% used [0x00000000ee380000,0x00000000ee380000,0x00000000f0700000)
 ParOldGen       total 126976K, used 74878K [0x0000000080000000, 0x0000000087c00000, 0x00000000d5580000)
  object space 126976K, 58% used [0x0000000080000000,0x000000008491f8f0,0x0000000087c00000)
 Metaspace       used 81812K, capacity 85346K, committed 85528K, reserved 1124352K
  class space    used 10832K, capacity 11496K, committed 11552K, reserved 1048576K
}
Event: 38.604 GC heap before
{Heap before GC invocations=17 (full 3):
 PSYoungGen      total 348672K, used 309968K [0x00000000d5580000, 0x00000000f0700000, 0x0000000100000000)
  eden space 315904K, 88% used [0x00000000d5580000,0x00000000e677e1a8,0x00000000e8a00000)
  from space 32768K, 89% used [0x00000000e8a00000,0x00000000ea6b5ef0,0x00000000eaa00000)
  to   space 36352K, 0% used [0x00000000ee380000,0x00000000ee380000,0x00000000f0700000)
 ParOldGen       total 126976K, used 74878K [0x0000000080000000, 0x0000000087c00000, 0x00000000d5580000)
  object space 126976K, 58% used [0x0000000080000000,0x000000008491f8f0,0x0000000087c00000)
 Metaspace       used 94670K, capacity 98474K, committed 98600K, reserved 1134592K
  class space    used 12380K, capacity 13126K, committed 13216K, reserved 1048576K
Event: 38.671 GC heap after
Heap after GC invocations=17 (full 3):
 PSYoungGen      total 394240K, used 36351K [0x00000000d5580000, 0x00000000f2300000, 0x0000000100000000)
  eden space 357888K, 0% used [0x00000000d5580000,0x00000000d5580000,0x00000000eb300000)
  from space 36352K, 99% used [0x00000000ee380000,0x00000000f06ffdc0,0x00000000f0700000)
  to   space 49664K, 0% used [0x00000000eb300000,0x00000000eb300000,0x00000000ee380000)
 ParOldGen       total 126976K, used 94392K [0x0000000080000000, 0x0000000087c00000, 0x00000000d5580000)
  object space 126976K, 74% used [0x0000000080000000,0x0000000085c2e2b0,0x0000000087c00000)
 Metaspace       used 94670K, capacity 98474K, committed 98600K, reserved 1134592K
  class space    used 12380K, capacity 13126K, committed 13216K, reserved 1048576K
}
Event: 38.671 GC heap before
{Heap before GC invocations=18 (full 4):
 PSYoungGen      total 394240K, used 36351K [0x00000000d5580000, 0x00000000f2300000, 0x0000000100000000)
  eden space 357888K, 0% used [0x00000000d5580000,0x00000000d5580000,0x00000000eb300000)
  from space 36352K, 99% used [0x00000000ee380000,0x00000000f06ffdc0,0x00000000f0700000)
  to   space 49664K, 0% used [0x00000000eb300000,0x00000000eb300000,0x00000000ee380000)
 ParOldGen       total 126976K, used 94392K [0x0000000080000000, 0x0000000087c00000, 0x00000000d5580000)
  object space 126976K, 74% used [0x0000000080000000,0x0000000085c2e2b0,0x0000000087c00000)
 Metaspace       used 94670K, capacity 98474K, committed 98600K, reserved 1134592K
  class space    used 12380K, capacity 13126K, committed 13216K, reserved 1048576K

