# JRE version: OpenJDK Runtime Environment (8.0_242) (build 1.8.0_242-release-1644-b3-6222593)
# Java VM: OpenJDK 64-Bit Server VM (25.242-b3-6222593 mixed mode linux-amd64 compressed oops)
Heap:
 PSYoungGen      total 418816K, used 37873K [0x00000000d5580000, 0x00000000f1700000, 0x0000000100000000)
  eden space 380928K, 0% used [0x00000000d5580000,0x00000000d5580000,0x00000000ec980000)
  from space 37888K, 99% used [0x00000000ec980000,0x00000000eee7c478,0x00000000eee80000)
  to   space 38400K, 0% used [0x00000000eee80000,0x00000000eee80000,0x00000000f1400000)
 ParOldGen       total 225792K, used 97490K [0x0000000080000000, 0x000000008dc80000, 0x00000000d5580000)
  object space 225792K, 43% used [0x0000000080000000,0x0000000085f34bd8,0x000000008dc80000)
 Metaspace       used 102483K, capacity 106614K, committed 106776K, reserved 1142784K
  class space    used 13311K, capacity 14118K, committed 14120K, reserved 1048576K
GC Heap History (10 events):
Event: 12.567 GC heap after
Heap after GC invocations=14 (full 3):
 PSYoungGen      total 279552K, used 22511K [0x00000000d5580000, 0x00000000ebc00000, 0x0000000100000000)
  eden space 257024K, 0% used [0x00000000d5580000,0x00000000d5580000,0x00000000e5080000)
  from space 22528K, 99% used [0x00000000e5080000,0x00000000e667beb0,0x00000000e6680000)
  to   space 26112K, 0% used [0x00000000ea280000,0x00000000ea280000,0x00000000ebc00000)
 ParOldGen       total 128512K, used 40530K [0x0000000080000000, 0x0000000087d80000, 0x00000000d5580000)
  object space 128512K, 31% used [0x0000000080000000,0x0000000082794b68,0x0000000087d80000)
 Metaspace       used 67131K, capacity 70076K, committed 70168K, reserved 1110016K
  class space    used 9131K, capacity 9713K, committed 9768K, reserved 1048576K
}
Event: 14.941 GC heap before
{Heap before GC invocations=15 (full 3):
 PSYoungGen      total 279552K, used 279535K [0x00000000d5580000, 0x00000000ebc00000, 0x0000000100000000)
  eden space 257024K, 100% used [0x00000000d5580000,0x00000000e5080000,0x00000000e5080000)
  from space 22528K, 99% used [0x00000000e5080000,0x00000000e667beb0,0x00000000e6680000)
  to   space 26112K, 0% used [0x00000000ea280000,0x00000000ea280000,0x00000000ebc00000)
 ParOldGen       total 128512K, used 40530K [0x0000000080000000, 0x0000000087d80000, 0x00000000d5580000)
  object space 128512K, 31% used [0x0000000080000000,0x0000000082794b68,0x0000000087d80000)
 Metaspace       used 73175K, capacity 76402K, committed 76696K, reserved 1116160K
  class space    used 9908K, capacity 10548K, committed 10664K, reserved 1048576K
Event: 14.976 GC heap after
Heap after GC invocations=15 (full 3):
 PSYoungGen      total 337920K, used 17245K [0x00000000d5580000, 0x00000000ebb00000, 0x0000000100000000)
  eden space 312832K, 0% used [0x00000000d5580000,0x00000000d5580000,0x00000000e8700000)
  from space 25088K, 68% used [0x00000000ea280000,0x00000000eb357790,0x00000000ebb00000)
  to   space 26624K, 0% used [0x00000000e8700000,0x00000000e8700000,0x00000000ea100000)
 ParOldGen       total 128512K, used 56294K [0x0000000080000000, 0x0000000087d80000, 0x00000000d5580000)
  object space 128512K, 43% used [0x0000000080000000,0x00000000836f99e0,0x0000000087d80000)
 Metaspace       used 73175K, capacity 76402K, committed 76696K, reserved 1116160K
  class space    used 9908K, capacity 10548K, committed 10664K, reserved 1048576K
}
Event: 18.363 GC heap before
{Heap before GC invocations=16 (full 3):
 PSYoungGen      total 337920K, used 330077K [0x00000000d5580000, 0x00000000ebb00000, 0x0000000100000000)
  eden space 312832K, 100% used [0x00000000d5580000,0x00000000e8700000,0x00000000e8700000)
  from space 25088K, 68% used [0x00000000ea280000,0x00000000eb357790,0x00000000ebb00000)
  to   space 26624K, 0% used [0x00000000e8700000,0x00000000e8700000,0x00000000ea100000)
 ParOldGen       total 128512K, used 56294K [0x0000000080000000, 0x0000000087d80000, 0x00000000d5580000)
  object space 128512K, 43% used [0x0000000080000000,0x00000000836f99e0,0x0000000087d80000)
 Metaspace       used 88930K, capacity 92512K, committed 92824K, reserved 1130496K
  class space    used 11721K, capacity 12441K, committed 12456K, reserved 1048576K
Event: 18.425 GC heap after
Heap after GC invocations=16 (full 3):
 PSYoungGen      total 339456K, used 26593K [0x00000000d5580000, 0x00000000f1400000, 0x0000000100000000)
  eden space 312832K, 0% used [0x00000000d5580000,0x00000000d5580000,0x00000000e8700000)
  from space 26624K, 99% used [0x00000000e8700000,0x00000000ea0f8488,0x00000000ea100000)
  to   space 38400K, 0% used [0x00000000eee80000,0x00000000eee80000,0x00000000f1400000)
 ParOldGen       total 128512K, used 76840K [0x0000000080000000, 0x0000000087d80000, 0x00000000d5580000)
  object space 128512K, 59% used [0x0000000080000000,0x0000000084b0a030,0x0000000087d80000)
 Metaspace       used 88930K, capacity 92512K, committed 92824K, reserved 1130496K
  class space    used 11721K, capacity 12441K, committed 12456K, reserved 1048576K
}
Event: 19.773 GC heap before
{Heap before GC invocations=17 (full 3):
 PSYoungGen      total 339456K, used 188253K [0x00000000d5580000, 0x00000000f1400000, 0x0000000100000000)
  eden space 312832K, 51% used [0x00000000d5580000,0x00000000df35f240,0x00000000e8700000)
  from space 26624K, 99% used [0x00000000e8700000,0x00000000ea0f8488,0x00000000ea100000)
  to   space 38400K, 0% used [0x00000000eee80000,0x00000000eee80000,0x00000000f1400000)
 ParOldGen       total 128512K, used 76840K [0x0000000080000000, 0x0000000087d80000, 0x00000000d5580000)
  object space 128512K, 59% used [0x0000000080000000,0x0000000084b0a030,0x0000000087d80000)
 Metaspace       used 94351K, capacity 98414K, committed 98584K, reserved 1134592K
  class space    used 12286K, capacity 13092K, committed 13096K, reserved 1048576K
Event: 19.809 GC heap after
Heap after GC invocations=17 (full 3):
 PSYoungGen      total 419328K, used 4788K [0x00000000d5580000, 0x00000000f1700000, 0x0000000100000000)
  eden space 380928K, 0% used [0x00000000d5580000,0x00000000d5580000,0x00000000ec980000)
  from space 38400K, 12% used [0x00000000eee80000,0x00000000ef32d3a8,0x00000000f1400000)
  to   space 37888K, 0% used [0x00000000ec980000,0x00000000ec980000,0x00000000eee80000)
 ParOldGen       total 128512K, used 102717K [0x0000000080000000, 0x0000000087d80000, 0x00000000d5580000)
  object space 128512K, 79% used [0x0000000080000000,0x000000008644f6a0,0x0000000087d80000)
 Metaspace       used 94351K, capacity 98414K, committed 98584K, reserved 1134592K
  class space    used 12286K, capacity 13092K, committed 13096K, reserved 1048576K
}
Event: 19.809 GC heap before
{Heap before GC invocations=18 (full 4):
 PSYoungGen      total 419328K, used 4788K [0x00000000d5580000, 0x00000000f1700000, 0x0000000100000000)
  eden space 380928K, 0% used [0x00000000d5580000,0x00000000d5580000,0x00000000ec980000)
  from space 38400K, 12% used [0x00000000eee80000,0x00000000ef32d3a8,0x00000000f1400000)
  to   space 37888K, 0% used [0x00000000ec980000,0x00000000ec980000,0x00000000eee80000)
 ParOldGen       total 128512K, used 102717K [0x0000000080000000, 0x0000000087d80000, 0x00000000d5580000)
  object space 128512K, 79% used [0x0000000080000000,0x000000008644f6a0,0x0000000087d80000)
 Metaspace       used 94351K, capacity 98414K, committed 98584K, reserved 1134592K
  class space    used 12286K, capacity 13092K, committed 13096K, reserved 1048576K
Event: 20.121 GC heap after
Heap after GC invocations=18 (full 4):
 PSYoungGen      total 419328K, used 0K [0x00000000d5580000, 0x00000000f1700000, 0x0000000100000000)
  eden space 380928K, 0% used [0x00000000d5580000,0x00000000d5580000,0x00000000ec980000)
  from space 38400K, 0% used [0x00000000eee80000,0x00000000eee80000,0x00000000f1400000)
  to   space 37888K, 0% used [0x00000000ec980000,0x00000000ec980000,0x00000000eee80000)
 ParOldGen       total 225792K, used 90620K [0x0000000080000000, 0x000000008dc80000, 0x00000000d5580000)
  object space 225792K, 40% used [0x0000000080000000,0x000000008587f050,0x000000008dc80000)
 Metaspace       used 94318K, capacity 98312K, committed 98584K, reserved 1134592K
  class space    used 12276K, capacity 13075K, committed 13096K, reserved 1048576K
}
Event: 50.354 GC heap before
{Heap before GC invocations=19 (full 4):
 PSYoungGen      total 419328K, used 380928K [0x00000000d5580000, 0x00000000f1700000, 0x0000000100000000)
  eden space 380928K, 100% used [0x00000000d5580000,0x00000000ec980000,0x00000000ec980000)
  from space 38400K, 0% used [0x00000000eee80000,0x00000000eee80000,0x00000000f1400000)
  to   space 37888K, 0% used [0x00000000ec980000,0x00000000ec980000,0x00000000eee80000)
 ParOldGen       total 225792K, used 90620K [0x0000000080000000, 0x000000008dc80000, 0x00000000d5580000)
  object space 225792K, 40% used [0x0000000080000000,0x000000008587f050,0x000000008dc80000)
 Metaspace       used 102483K, capacity 106614K, committed 106776K, reserved 1142784K
  class space    used 13311K, capacity 14118K, committed 14120K, reserved 1048576K

