# JRE version: OpenJDK Runtime Environment (8.0_242) (build 1.8.0_242-release-1644-b3-6222593)
# Java VM: OpenJDK 64-Bit Server VM (25.242-b3-6222593 mixed mode linux-amd64 compressed oops)
Heap:
 PSYoungGen      total 529408K, used 0K [0x00000000d5580000, 0x0000000100000000, 0x0000000100000000)
  eden space 476672K, 0% used [0x00000000d5580000,0x00000000d5580000,0x00000000f2700000)
  from space 52736K, 0% used [0x00000000fcc80000,0x00000000fcc80000,0x0000000100000000)
  to   space 111104K, 0% used [0x00000000f2700000,0x00000000f2700000,0x00000000f9380000)
 ParOldGen       total 285696K, used 228844K [0x0000000080000000, 0x0000000091700000, 0x00000000d5580000)
  object space 285696K, 80% used [0x0000000080000000,0x000000008df7b2a0,0x0000000091700000)
 Metaspace       used 88440K, capacity 92766K, committed 93464K, reserved 1130496K
  class space    used 11733K, capacity 12554K, committed 12832K, reserved 1048576K
GC Heap History (10 events):
Event: 64.503 GC heap after
Heap after GC invocations=36 (full 4):
 PSYoungGen      total 645120K, used 41035K [0x00000000d5580000, 0x0000000100000000, 0x0000000100000000)
  eden space 600576K, 0% used [0x00000000d5580000,0x00000000d5580000,0x00000000fa000000)
  from space 44544K, 92% used [0x00000000fd480000,0x00000000ffc92ea8,0x0000000100000000)
  to   space 49152K, 0% used [0x00000000fa000000,0x00000000fa000000,0x00000000fd000000)
 ParOldGen       total 219648K, used 150669K [0x0000000080000000, 0x000000008d680000, 0x00000000d5580000)
  object space 219648K, 68% used [0x0000000080000000,0x0000000089323408,0x000000008d680000)
 Metaspace       used 84741K, capacity 89032K, committed 90008K, reserved 1126400K
  class space    used 11347K, capacity 12179K, committed 12448K, reserved 1048576K
}
Event: 66.737 GC heap before
{Heap before GC invocations=37 (full 4):
 PSYoungGen      total 645120K, used 641611K [0x00000000d5580000, 0x0000000100000000, 0x0000000100000000)
  eden space 600576K, 100% used [0x00000000d5580000,0x00000000fa000000,0x00000000fa000000)
  from space 44544K, 92% used [0x00000000fd480000,0x00000000ffc92ea8,0x0000000100000000)
  to   space 49152K, 0% used [0x00000000fa000000,0x00000000fa000000,0x00000000fd000000)
 ParOldGen       total 219648K, used 150669K [0x0000000080000000, 0x000000008d680000, 0x00000000d5580000)
  object space 219648K, 68% used [0x0000000080000000,0x0000000089323408,0x000000008d680000)
 Metaspace       used 84744K, capacity 89032K, committed 90008K, reserved 1126400K
  class space    used 11347K, capacity 12179K, committed 12448K, reserved 1048576K
Event: 66.776 GC heap after
Heap after GC invocations=37 (full 4):
 PSYoungGen      total 642560K, used 41973K [0x00000000d5580000, 0x0000000100000000, 0x0000000100000000)
  eden space 600576K, 0% used [0x00000000d5580000,0x00000000d5580000,0x00000000fa000000)
  from space 41984K, 99% used [0x00000000fa000000,0x00000000fc8fd4b8,0x00000000fc900000)
  to   space 52736K, 0% used [0x00000000fcc80000,0x00000000fcc80000,0x0000000100000000)
 ParOldGen       total 219648K, used 150669K [0x0000000080000000, 0x000000008d680000, 0x00000000d5580000)
  object space 219648K, 68% used [0x0000000080000000,0x0000000089323408,0x000000008d680000)
 Metaspace       used 84744K, capacity 89032K, committed 90008K, reserved 1126400K
  class space    used 11347K, capacity 12179K, committed 12448K, reserved 1048576K
}
Event: 69.305 GC heap before
{Heap before GC invocations=38 (full 4):
 PSYoungGen      total 642560K, used 642549K [0x00000000d5580000, 0x0000000100000000, 0x0000000100000000)
  eden space 600576K, 100% used [0x00000000d5580000,0x00000000fa000000,0x00000000fa000000)
  from space 41984K, 99% used [0x00000000fa000000,0x00000000fc8fd4b8,0x00000000fc900000)
  to   space 52736K, 0% used [0x00000000fcc80000,0x00000000fcc80000,0x0000000100000000)
 ParOldGen       total 219648K, used 150669K [0x0000000080000000, 0x000000008d680000, 0x00000000d5580000)
  object space 219648K, 68% used [0x0000000080000000,0x0000000089323408,0x000000008d680000)
 Metaspace       used 84750K, capacity 89032K, committed 90008K, reserved 1126400K
  class space    used 11347K, capacity 12179K, committed 12448K, reserved 1048576K
Event: 69.342 GC heap after
Heap after GC invocations=38 (full 4):
 PSYoungGen      total 648192K, used 30231K [0x00000000d5580000, 0x0000000100000000, 0x0000000100000000)
  eden space 595456K, 0% used [0x00000000d5580000,0x00000000d5580000,0x00000000f9b00000)
  from space 52736K, 57% used [0x00000000fcc80000,0x00000000fea05d98,0x0000000100000000)
  to   space 50688K, 0% used [0x00000000f9b00000,0x00000000f9b00000,0x00000000fcc80000)
 ParOldGen       total 219648K, used 150669K [0x0000000080000000, 0x000000008d680000, 0x00000000d5580000)
  object space 219648K, 68% used [0x0000000080000000,0x0000000089323408,0x000000008d680000)
 Metaspace       used 84750K, capacity 89032K, committed 90008K, reserved 1126400K
  class space    used 11347K, capacity 12179K, committed 12448K, reserved 1048576K
}
Event: 73.611 GC heap before
{Heap before GC invocations=39 (full 4):
 PSYoungGen      total 648192K, used 625687K [0x00000000d5580000, 0x0000000100000000, 0x0000000100000000)
  eden space 595456K, 100% used [0x00000000d5580000,0x00000000f9b00000,0x00000000f9b00000)
  from space 52736K, 57% used [0x00000000fcc80000,0x00000000fea05d98,0x0000000100000000)
  to   space 50688K, 0% used [0x00000000f9b00000,0x00000000f9b00000,0x00000000fcc80000)
 ParOldGen       total 219648K, used 150669K [0x0000000080000000, 0x000000008d680000, 0x00000000d5580000)
  object space 219648K, 68% used [0x0000000080000000,0x0000000089323408,0x000000008d680000)
 Metaspace       used 85174K, capacity 89388K, committed 90264K, reserved 1126400K
  class space    used 11393K, capacity 12197K, committed 12448K, reserved 1048576K
Event: 73.682 GC heap after
Heap after GC invocations=39 (full 4):
 PSYoungGen      total 646144K, used 50660K [0x00000000d5580000, 0x0000000100000000, 0x0000000100000000)
  eden space 595456K, 0% used [0x00000000d5580000,0x00000000d5580000,0x00000000f9b00000)
  from space 50688K, 99% used [0x00000000f9b00000,0x00000000fcc792e8,0x00000000fcc80000)
  to   space 52736K, 0% used [0x00000000fcc80000,0x00000000fcc80000,0x0000000100000000)
 ParOldGen       total 219648K, used 161631K [0x0000000080000000, 0x000000008d680000, 0x00000000d5580000)
  object space 219648K, 73% used [0x0000000080000000,0x0000000089dd7d98,0x000000008d680000)
 Metaspace       used 85174K, capacity 89388K, committed 90264K, reserved 1126400K
  class space    used 11393K, capacity 12197K, committed 12448K, reserved 1048576K
}
Event: 78.285 GC heap before
{Heap before GC invocations=40 (full 4):
 PSYoungGen      total 646144K, used 646116K [0x00000000d5580000, 0x0000000100000000, 0x0000000100000000)
  eden space 595456K, 100% used [0x00000000d5580000,0x00000000f9b00000,0x00000000f9b00000)
  from space 50688K, 99% used [0x00000000f9b00000,0x00000000fcc792e8,0x00000000fcc80000)
  to   space 52736K, 0% used [0x00000000fcc80000,0x00000000fcc80000,0x0000000100000000)
 ParOldGen       total 219648K, used 161631K [0x0000000080000000, 0x000000008d680000, 0x00000000d5580000)
  object space 219648K, 73% used [0x0000000080000000,0x0000000089dd7d98,0x000000008d680000)
 Metaspace       used 88443K, capacity 92770K, committed 93464K, reserved 1130496K
  class space    used 11734K, capacity 12556K, committed 12832K, reserved 1048576K
Event: 78.510 GC heap after
Heap after GC invocations=40 (full 4):
 PSYoungGen      total 529408K, used 52728K [0x00000000d5580000, 0x0000000100000000, 0x0000000100000000)
  eden space 476672K, 0% used [0x00000000d5580000,0x00000000d5580000,0x00000000f2700000)
  from space 52736K, 99% used [0x00000000fcc80000,0x00000000ffffe078,0x0000000100000000)
  to   space 111104K, 0% used [0x00000000f2700000,0x00000000f2700000,0x00000000f9380000)
 ParOldGen       total 285696K, used 285405K [0x0000000080000000, 0x0000000091700000, 0x00000000d5580000)
  object space 285696K, 99% used [0x0000000080000000,0x00000000916b7548,0x0000000091700000)
 Metaspace       used 88443K, capacity 92770K, committed 93464K, reserved 1130496K
  class space    used 11734K, capacity 12556K, committed 12832K, reserved 1048576K
}
Event: 78.510 GC heap before
{Heap before GC invocations=41 (full 5):
 PSYoungGen      total 529408K, used 52728K [0x00000000d5580000, 0x0000000100000000, 0x0000000100000000)
  eden space 476672K, 0% used [0x00000000d5580000,0x00000000d5580000,0x00000000f2700000)
  from space 52736K, 99% used [0x00000000fcc80000,0x00000000ffffe078,0x0000000100000000)
  to   space 111104K, 0% used [0x00000000f2700000,0x00000000f2700000,0x00000000f9380000)
 ParOldGen       total 285696K, used 285405K [0x0000000080000000, 0x0000000091700000, 0x00000000d5580000)
  object space 285696K, 99% used [0x0000000080000000,0x00000000916b7548,0x0000000091700000)
 Metaspace       used 88443K, capacity 92770K, committed 93464K, reserved 1130496K
  class space    used 11734K, capacity 12556K, committed 12832K, reserved 1048576K

