# JRE version: OpenJDK Runtime Environment (8.0_242) (build 1.8.0_242-release-1644-b3-6222593)
# Java VM: OpenJDK 64-Bit Server VM (25.242-b3-6222593 mixed mode linux-amd64 compressed oops)
Heap:
 PSYoungGen      total 537600K, used 3556K [0x00000000d5580000, 0x0000000100000000, 0x0000000100000000)
  eden space 464384K, 0% used [0x00000000d5580000,0x00000000d5580000,0x00000000f1b00000)
  from space 73216K, 4% used [0x00000000fb880000,0x00000000fbbf93e8,0x0000000100000000)
  to   space 117248K, 0% used [0x00000000f1b00000,0x00000000f1b00000,0x00000000f8d80000)
 ParOldGen       total 223232K, used 223183K [0x0000000080000000, 0x000000008da00000, 0x00000000d5580000)
  object space 223232K, 99% used [0x0000000080000000,0x000000008d9f3f28,0x000000008da00000)
 Metaspace       used 96968K, capacity 102574K, committed 102680K, reserved 1138688K
  class space    used 12548K, capacity 13577K, committed 13616K, reserved 1048576K
GC Heap History (10 events):
Event: 859.324 GC heap after
Heap after GC invocations=26 (full 4):
 PSYoungGen      total 622080K, used 58233K [0x00000000d5580000, 0x0000000100000000, 0x0000000100000000)
  eden space 562688K, 0% used [0x00000000d5580000,0x00000000d5580000,0x00000000f7b00000)
  from space 59392K, 98% used [0x00000000fc600000,0x00000000ffede5e8,0x0000000100000000)
  to   space 68096K, 0% used [0x00000000f7b00000,0x00000000f7b00000,0x00000000fbd80000)
 ParOldGen       total 185344K, used 98511K [0x0000000080000000, 0x000000008b500000, 0x00000000d5580000)
  object space 185344K, 53% used [0x0000000080000000,0x0000000086033f80,0x000000008b500000)
 Metaspace       used 96605K, capacity 102230K, committed 102424K, reserved 1138688K
  class space    used 12528K, capacity 13563K, committed 13616K, reserved 1048576K
}
Event: 861.434 GC heap before
{Heap before GC invocations=27 (full 4):
 PSYoungGen      total 622080K, used 620921K [0x00000000d5580000, 0x0000000100000000, 0x0000000100000000)
  eden space 562688K, 100% used [0x00000000d5580000,0x00000000f7b00000,0x00000000f7b00000)
  from space 59392K, 98% used [0x00000000fc600000,0x00000000ffede5e8,0x0000000100000000)
  to   space 68096K, 0% used [0x00000000f7b00000,0x00000000f7b00000,0x00000000fbd80000)
 ParOldGen       total 185344K, used 98511K [0x0000000080000000, 0x000000008b500000, 0x00000000d5580000)
  object space 185344K, 53% used [0x0000000080000000,0x0000000086033f80,0x000000008b500000)
 Metaspace       used 96657K, capacity 102306K, committed 102424K, reserved 1138688K
  class space    used 12531K, capacity 13565K, committed 13616K, reserved 1048576K
Event: 861.500 GC heap after
Heap after GC invocations=27 (full 4):
 PSYoungGen      total 604160K, used 41259K [0x00000000d5580000, 0x0000000100000000, 0x0000000100000000)
  eden space 562688K, 0% used [0x00000000d5580000,0x00000000d5580000,0x00000000f7b00000)
  from space 41472K, 99% used [0x00000000f7b00000,0x00000000fa34ac28,0x00000000fa380000)
  to   space 68608K, 0% used [0x00000000fbd00000,0x00000000fbd00000,0x0000000100000000)
 ParOldGen       total 185344K, used 112305K [0x0000000080000000, 0x000000008b500000, 0x00000000d5580000)
  object space 185344K, 60% used [0x0000000080000000,0x0000000086dac628,0x000000008b500000)
 Metaspace       used 96657K, capacity 102306K, committed 102424K, reserved 1138688K
  class space    used 12531K, capacity 13565K, committed 13616K, reserved 1048576K
}
Event: 864.164 GC heap before
{Heap before GC invocations=28 (full 4):
 PSYoungGen      total 604160K, used 603947K [0x00000000d5580000, 0x0000000100000000, 0x0000000100000000)
  eden space 562688K, 100% used [0x00000000d5580000,0x00000000f7b00000,0x00000000f7b00000)
  from space 41472K, 99% used [0x00000000f7b00000,0x00000000fa34ac28,0x00000000fa380000)
  to   space 68608K, 0% used [0x00000000fbd00000,0x00000000fbd00000,0x0000000100000000)
 ParOldGen       total 185344K, used 112305K [0x0000000080000000, 0x000000008b500000, 0x00000000d5580000)
  object space 185344K, 60% used [0x0000000080000000,0x0000000086dac628,0x000000008b500000)
 Metaspace       used 96675K, capacity 102314K, committed 102424K, reserved 1138688K
  class space    used 12531K, capacity 13565K, committed 13616K, reserved 1048576K
Event: 864.214 GC heap after
Heap after GC invocations=28 (full 4):
 PSYoungGen      total 631296K, used 15220K [0x00000000d5580000, 0x0000000100000000, 0x0000000100000000)
  eden space 562688K, 0% used [0x00000000d5580000,0x00000000d5580000,0x00000000f7b00000)
  from space 68608K, 22% used [0x00000000fbd00000,0x00000000fcbdd3a8,0x0000000100000000)
  to   space 67584K, 0% used [0x00000000f7b00000,0x00000000f7b00000,0x00000000fbd00000)
 ParOldGen       total 185344K, used 131778K [0x0000000080000000, 0x000000008b500000, 0x00000000d5580000)
  object space 185344K, 71% used [0x0000000080000000,0x00000000880b0ae8,0x000000008b500000)
 Metaspace       used 96675K, capacity 102314K, committed 102424K, reserved 1138688K
  class space    used 12531K, capacity 13565K, committed 13616K, reserved 1048576K
}
Event: 868.256 GC heap before
{Heap before GC invocations=29 (full 4):
 PSYoungGen      total 631296K, used 577729K [0x00000000d5580000, 0x0000000100000000, 0x0000000100000000)
  eden space 562688K, 99% used [0x00000000d5580000,0x00000000f7ad33b8,0x00000000f7b00000)
  from space 68608K, 22% used [0x00000000fbd00000,0x00000000fcbdd3a8,0x0000000100000000)
  to   space 67584K, 0% used [0x00000000f7b00000,0x00000000f7b00000,0x00000000fbd00000)
 ParOldGen       total 185344K, used 131778K [0x0000000080000000, 0x000000008b500000, 0x00000000d5580000)
  object space 185344K, 71% used [0x0000000080000000,0x00000000880b0ae8,0x000000008b500000)
 Metaspace       used 96723K, capacity 102426K, committed 102680K, reserved 1138688K
  class space    used 12535K, capacity 13573K, committed 13616K, reserved 1048576K
Event: 868.301 GC heap after
Heap after GC invocations=29 (full 4):
 PSYoungGen      total 617984K, used 55006K [0x00000000d5580000, 0x0000000100000000, 0x0000000100000000)
  eden space 562688K, 0% used [0x00000000d5580000,0x00000000d5580000,0x00000000f7b00000)
  from space 55296K, 99% used [0x00000000f7b00000,0x00000000fb0b7ae0,0x00000000fb100000)
  to   space 73216K, 0% used [0x00000000fb880000,0x00000000fb880000,0x0000000100000000)
 ParOldGen       total 185344K, used 134129K [0x0000000080000000, 0x000000008b500000, 0x00000000d5580000)
  object space 185344K, 72% used [0x0000000080000000,0x00000000882fc738,0x000000008b500000)
 Metaspace       used 96723K, capacity 102426K, committed 102680K, reserved 1138688K
  class space    used 12535K, capacity 13573K, committed 13616K, reserved 1048576K
}
Event: 871.288 GC heap before
{Heap before GC invocations=30 (full 4):
 PSYoungGen      total 617984K, used 617694K [0x00000000d5580000, 0x0000000100000000, 0x0000000100000000)
  eden space 562688K, 100% used [0x00000000d5580000,0x00000000f7b00000,0x00000000f7b00000)
  from space 55296K, 99% used [0x00000000f7b00000,0x00000000fb0b7ae0,0x00000000fb100000)
  to   space 73216K, 0% used [0x00000000fb880000,0x00000000fb880000,0x0000000100000000)
 ParOldGen       total 185344K, used 134129K [0x0000000080000000, 0x000000008b500000, 0x00000000d5580000)
  object space 185344K, 72% used [0x0000000080000000,0x00000000882fc738,0x000000008b500000)
 Metaspace       used 96968K, capacity 102574K, committed 102680K, reserved 1138688K
  class space    used 12548K, capacity 13577K, committed 13616K, reserved 1048576K
Event: 871.567 GC heap after
Heap after GC invocations=30 (full 4):
 PSYoungGen      total 537600K, used 73192K [0x00000000d5580000, 0x0000000100000000, 0x0000000100000000)
  eden space 464384K, 0% used [0x00000000d5580000,0x00000000d5580000,0x00000000f1b00000)
  from space 73216K, 99% used [0x00000000fb880000,0x00000000ffffa2a8,0x0000000100000000)
  to   space 117248K, 0% used [0x00000000f1b00000,0x00000000f1b00000,0x00000000f8d80000)
 ParOldGen       total 223232K, used 222438K [0x0000000080000000, 0x000000008da00000, 0x00000000d5580000)
  object space 223232K, 99% used [0x0000000080000000,0x000000008d939940,0x000000008da00000)
 Metaspace       used 96968K, capacity 102574K, committed 102680K, reserved 1138688K
  class space    used 12548K, capacity 13577K, committed 13616K, reserved 1048576K
}
Event: 871.568 GC heap before
{Heap before GC invocations=31 (full 5):
 PSYoungGen      total 537600K, used 73192K [0x00000000d5580000, 0x0000000100000000, 0x0000000100000000)
  eden space 464384K, 0% used [0x00000000d5580000,0x00000000d5580000,0x00000000f1b00000)
  from space 73216K, 99% used [0x00000000fb880000,0x00000000ffffa2a8,0x0000000100000000)
  to   space 117248K, 0% used [0x00000000f1b00000,0x00000000f1b00000,0x00000000f8d80000)
 ParOldGen       total 223232K, used 222438K [0x0000000080000000, 0x000000008da00000, 0x00000000d5580000)
  object space 223232K, 99% used [0x0000000080000000,0x000000008d939940,0x000000008da00000)
 Metaspace       used 96968K, capacity 102574K, committed 102680K, reserved 1138688K
  class space    used 12548K, capacity 13577K, committed 13616K, reserved 1048576K

