# JRE version: OpenJDK Runtime Environment (8.0_242) (build 1.8.0_242-release-1644-b3-6222593)
# Java VM: OpenJDK 64-Bit Server VM (25.242-b3-6222593 mixed mode linux-amd64 compressed oops)
Heap:
 PSYoungGen      total 617984K, used 0K [0x00000000d5580000, 0x0000000100000000, 0x0000000100000000)
  eden space 554496K, 0% used [0x00000000d5580000,0x00000000d5580000,0x00000000f7300000)
  from space 63488K, 0% used [0x00000000fc200000,0x00000000fc200000,0x0000000100000000)
  to   space 72192K, 14% used [0x00000000f7300000,0x00000000f7d70e08,0x00000000fb980000)
 ParOldGen       total 205312K, used 204877K [0x0000000080000000, 0x000000008c880000, 0x00000000d5580000)
  object space 205312K, 99% used [0x0000000080000000,0x000000008c8135c0,0x000000008c880000)
 Metaspace       used 144123K, capacity 150766K, committed 151704K, reserved 1181696K
  class space    used 18190K, capacity 19439K, committed 19616K, reserved 1048576K
GC Heap History (10 events):
Event: 7640.863 GC heap after
Heap after GC invocations=24 (full 5):
 PSYoungGen      total 607232K, used 22982K [0x00000000d5580000, 0x00000000ffc80000, 0x0000000100000000)
  eden space 554496K, 0% used [0x00000000d5580000,0x00000000d5580000,0x00000000f7300000)
  from space 52736K, 43% used [0x00000000f7300000,0x00000000f8971938,0x00000000fa680000)
  to   space 50688K, 0% used [0x00000000fcb00000,0x00000000fcb00000,0x00000000ffc80000)
 ParOldGen       total 179200K, used 59158K [0x0000000080000000, 0x000000008af00000, 0x00000000d5580000)
  object space 179200K, 33% used [0x0000000080000000,0x00000000839c5918,0x000000008af00000)
 Metaspace       used 121748K, capacity 127168K, committed 127512K, reserved 1161216K
  class space    used 15582K, capacity 16580K, committed 16672K, reserved 1048576K
}
Event: 7645.745 GC heap before
{Heap before GC invocations=25 (full 5):
 PSYoungGen      total 607232K, used 577478K [0x00000000d5580000, 0x00000000ffc80000, 0x0000000100000000)
  eden space 554496K, 100% used [0x00000000d5580000,0x00000000f7300000,0x00000000f7300000)
  from space 52736K, 43% used [0x00000000f7300000,0x00000000f8971938,0x00000000fa680000)
  to   space 50688K, 0% used [0x00000000fcb00000,0x00000000fcb00000,0x00000000ffc80000)
 ParOldGen       total 179200K, used 59158K [0x0000000080000000, 0x000000008af00000, 0x00000000d5580000)
  object space 179200K, 33% used [0x0000000080000000,0x00000000839c5918,0x000000008af00000)
 Metaspace       used 141022K, capacity 147280K, committed 147736K, reserved 1177600K
  class space    used 17968K, capacity 19128K, committed 19232K, reserved 1048576K
Event: 7645.821 GC heap after
Heap after GC invocations=25 (full 5):
 PSYoungGen      total 618496K, used 50679K [0x00000000d5580000, 0x0000000100000000, 0x0000000100000000)
  eden space 567808K, 0% used [0x00000000d5580000,0x00000000d5580000,0x00000000f8000000)
  from space 50688K, 99% used [0x00000000fcb00000,0x00000000ffc7dc08,0x00000000ffc80000)
  to   space 65536K, 0% used [0x00000000f8000000,0x00000000f8000000,0x00000000fc000000)
 ParOldGen       total 179200K, used 76897K [0x0000000080000000, 0x000000008af00000, 0x00000000d5580000)
  object space 179200K, 42% used [0x0000000080000000,0x0000000084b18538,0x000000008af00000)
 Metaspace       used 141022K, capacity 147280K, committed 147736K, reserved 1177600K
  class space    used 17968K, capacity 19128K, committed 19232K, reserved 1048576K
}
Event: 8279.072 GC heap before
{Heap before GC invocations=26 (full 5):
 PSYoungGen      total 618496K, used 618487K [0x00000000d5580000, 0x0000000100000000, 0x0000000100000000)
  eden space 567808K, 100% used [0x00000000d5580000,0x00000000f8000000,0x00000000f8000000)
  from space 50688K, 99% used [0x00000000fcb00000,0x00000000ffc7dc08,0x00000000ffc80000)
  to   space 65536K, 0% used [0x00000000f8000000,0x00000000f8000000,0x00000000fc000000)
 ParOldGen       total 179200K, used 76897K [0x0000000080000000, 0x000000008af00000, 0x00000000d5580000)
  object space 179200K, 42% used [0x0000000080000000,0x0000000084b18538,0x000000008af00000)
 Metaspace       used 142837K, capacity 149586K, committed 149656K, reserved 1179648K
  class space    used 18077K, capacity 19341K, committed 19360K, reserved 1048576K
Event: 8279.168 GC heap after
Heap after GC invocations=26 (full 5):
 PSYoungGen      total 633344K, used 29778K [0x00000000d5580000, 0x0000000100000000, 0x0000000100000000)
  eden space 567808K, 0% used [0x00000000d5580000,0x00000000d5580000,0x00000000f8000000)
  from space 65536K, 45% used [0x00000000f8000000,0x00000000f9d14a50,0x00000000fc000000)
  to   space 63488K, 0% used [0x00000000fc200000,0x00000000fc200000,0x0000000100000000)
 ParOldGen       total 179200K, used 113719K [0x0000000080000000, 0x000000008af00000, 0x00000000d5580000)
  object space 179200K, 63% used [0x0000000080000000,0x0000000086f0ddd0,0x000000008af00000)
 Metaspace       used 142837K, capacity 149586K, committed 149656K, reserved 1179648K
  class space    used 18077K, capacity 19341K, committed 19360K, reserved 1048576K
}
Event: 8388.440 GC heap before
{Heap before GC invocations=27 (full 5):
 PSYoungGen      total 633344K, used 597586K [0x00000000d5580000, 0x0000000100000000, 0x0000000100000000)
  eden space 567808K, 100% used [0x00000000d5580000,0x00000000f8000000,0x00000000f8000000)
  from space 65536K, 45% used [0x00000000f8000000,0x00000000f9d14a50,0x00000000fc000000)
  to   space 63488K, 0% used [0x00000000fc200000,0x00000000fc200000,0x0000000100000000)
 ParOldGen       total 179200K, used 113719K [0x0000000080000000, 0x000000008af00000, 0x00000000d5580000)
  object space 179200K, 63% used [0x0000000080000000,0x0000000086f0ddd0,0x000000008af00000)
 Metaspace       used 144212K, capacity 151130K, committed 151320K, reserved 1181696K
  class space    used 18215K, capacity 19473K, committed 19488K, reserved 1048576K
Event: 8388.479 GC heap after
Heap after GC invocations=27 (full 5):
 PSYoungGen      total 617984K, used 58484K [0x00000000d5580000, 0x0000000100000000, 0x0000000100000000)
  eden space 554496K, 0% used [0x00000000d5580000,0x00000000d5580000,0x00000000f7300000)
  from space 63488K, 92% used [0x00000000fc200000,0x00000000ffb1d070,0x0000000100000000)
  to   space 72192K, 0% used [0x00000000f7300000,0x00000000f7300000,0x00000000fb980000)
 ParOldGen       total 179200K, used 113727K [0x0000000080000000, 0x000000008af00000, 0x00000000d5580000)
  object space 179200K, 63% used [0x0000000080000000,0x0000000086f0fdd0,0x000000008af00000)
 Metaspace       used 144212K, capacity 151130K, committed 151320K, reserved 1181696K
  class space    used 18215K, capacity 19473K, committed 19488K, reserved 1048576K
}
Event: 8391.552 GC heap before
{Heap before GC invocations=28 (full 5):
 PSYoungGen      total 617984K, used 612980K [0x00000000d5580000, 0x0000000100000000, 0x0000000100000000)
  eden space 554496K, 100% used [0x00000000d5580000,0x00000000f7300000,0x00000000f7300000)
  from space 63488K, 92% used [0x00000000fc200000,0x00000000ffb1d070,0x0000000100000000)
  to   space 72192K, 0% used [0x00000000f7300000,0x00000000f7300000,0x00000000fb980000)
 ParOldGen       total 179200K, used 113727K [0x0000000080000000, 0x000000008af00000, 0x00000000d5580000)
  object space 179200K, 63% used [0x0000000080000000,0x0000000086f0fdd0,0x000000008af00000)
 Metaspace       used 144560K, capacity 151540K, committed 151704K, reserved 1181696K
  class space    used 18266K, capacity 19580K, committed 19616K, reserved 1048576K
Event: 8391.920 GC heap after
Heap after GC invocations=28 (full 5):
 PSYoungGen      total 617984K, used 612980K [0x00000000d5580000, 0x0000000100000000, 0x0000000100000000)
  eden space 554496K, 100% used [0x00000000d5580000,0x00000000f7300000,0x00000000f7300000)
  from space 63488K, 92% used [0x00000000fc200000,0x00000000ffb1d070,0x0000000100000000)
  to   space 72192K, 99% used [0x00000000f7300000,0x00000000fb97d620,0x00000000fb980000)
 ParOldGen       total 205312K, used 204392K [0x0000000080000000, 0x000000008c880000, 0x00000000d5580000)
  object space 205312K, 99% used [0x0000000080000000,0x000000008c79a000,0x000000008c880000)
 Metaspace       used 144560K, capacity 151540K, committed 151704K, reserved 1181696K
  class space    used 18266K, capacity 19580K, committed 19616K, reserved 1048576K
}
Event: 8391.922 GC heap before
{Heap before GC invocations=29 (full 6):
 PSYoungGen      total 617984K, used 612980K [0x00000000d5580000, 0x0000000100000000, 0x0000000100000000)
  eden space 554496K, 100% used [0x00000000d5580000,0x00000000f7300000,0x00000000f7300000)
  from space 63488K, 92% used [0x00000000fc200000,0x00000000ffb1d070,0x0000000100000000)
  to   space 72192K, 99% used [0x00000000f7300000,0x00000000fb97d620,0x00000000fb980000)
 ParOldGen       total 205312K, used 204392K [0x0000000080000000, 0x000000008c880000, 0x00000000d5580000)
  object space 205312K, 99% used [0x0000000080000000,0x000000008c79a000,0x000000008c880000)
 Metaspace       used 144560K, capacity 151540K, committed 151704K, reserved 1181696K
  class space    used 18266K, capacity 19580K, committed 19616K, reserved 1048576K

