# JRE version: OpenJDK Runtime Environment (8.0_242) (build 1.8.0_242-release-1644-b3-6222593)
# Java VM: OpenJDK 64-Bit Server VM (25.242-b3-6222593 mixed mode linux-amd64 compressed oops)
Heap:
 PSYoungGen      total 422912K, used 37018K [0x00000000d5580000, 0x00000000f3a80000, 0x0000000100000000)
  eden space 374784K, 0% used [0x00000000d5580000,0x00000000d5580000,0x00000000ec380000)
  from space 48128K, 76% used [0x00000000ec380000,0x00000000ee7a6ae8,0x00000000ef280000)
  to   space 35840K, 0% used [0x00000000ef280000,0x00000000ef280000,0x00000000f1580000)
 ParOldGen       total 218624K, used 93141K [0x0000000080000000, 0x000000008d580000, 0x00000000d5580000)
  object space 218624K, 42% used [0x0000000080000000,0x0000000085af54c0,0x000000008d580000)
 Metaspace       used 104954K, capacity 109264K, committed 109464K, reserved 1144832K
  class space    used 13578K, capacity 14419K, committed 14512K, reserved 1048576K
GC Heap History (10 events):
Event: 13.024 GC heap after
Heap after GC invocations=14 (full 3):
 PSYoungGen      total 288768K, used 22509K [0x00000000d5580000, 0x00000000ed300000, 0x0000000100000000)
  eden space 266240K, 0% used [0x00000000d5580000,0x00000000d5580000,0x00000000e5980000)
  from space 22528K, 99% used [0x00000000e5980000,0x00000000e6f7b648,0x00000000e6f80000)
  to   space 31232K, 0% used [0x00000000eb480000,0x00000000eb480000,0x00000000ed300000)
 ParOldGen       total 123904K, used 54692K [0x0000000080000000, 0x0000000087900000, 0x00000000d5580000)
  object space 123904K, 44% used [0x0000000080000000,0x00000000835690c0,0x0000000087900000)
 Metaspace       used 68043K, capacity 71046K, committed 71064K, reserved 1110016K
  class space    used 9260K, capacity 9888K, committed 9904K, reserved 1048576K
}
Event: 16.380 GC heap before
{Heap before GC invocations=15 (full 3):
 PSYoungGen      total 288768K, used 288749K [0x00000000d5580000, 0x00000000ed300000, 0x0000000100000000)
  eden space 266240K, 100% used [0x00000000d5580000,0x00000000e5980000,0x00000000e5980000)
  from space 22528K, 99% used [0x00000000e5980000,0x00000000e6f7b648,0x00000000e6f80000)
  to   space 31232K, 0% used [0x00000000eb480000,0x00000000eb480000,0x00000000ed300000)
 ParOldGen       total 123904K, used 54692K [0x0000000080000000, 0x0000000087900000, 0x00000000d5580000)
  object space 123904K, 44% used [0x0000000080000000,0x00000000835690c0,0x0000000087900000)
 Metaspace       used 73694K, capacity 76810K, committed 77080K, reserved 1116160K
  class space    used 9932K, capacity 10524K, committed 10544K, reserved 1048576K
Event: 16.428 GC heap after
Heap after GC invocations=15 (full 3):
 PSYoungGen      total 354304K, used 16807K [0x00000000d5580000, 0x00000000ed080000, 0x0000000100000000)
  eden space 325632K, 0% used [0x00000000d5580000,0x00000000d5580000,0x00000000e9380000)
  from space 28672K, 58% used [0x00000000eb480000,0x00000000ec4e9de8,0x00000000ed080000)
  to   space 31232K, 0% used [0x00000000e9380000,0x00000000e9380000,0x00000000eb200000)
 ParOldGen       total 123904K, used 76373K [0x0000000080000000, 0x0000000087900000, 0x00000000d5580000)
  object space 123904K, 61% used [0x0000000080000000,0x0000000084a95568,0x0000000087900000)
 Metaspace       used 73694K, capacity 76810K, committed 77080K, reserved 1116160K
  class space    used 9932K, capacity 10524K, committed 10544K, reserved 1048576K
}
Event: 35.055 GC heap before
{Heap before GC invocations=16 (full 3):
 PSYoungGen      total 354304K, used 342439K [0x00000000d5580000, 0x00000000ed080000, 0x0000000100000000)
  eden space 325632K, 100% used [0x00000000d5580000,0x00000000e9380000,0x00000000e9380000)
  from space 28672K, 58% used [0x00000000eb480000,0x00000000ec4e9de8,0x00000000ed080000)
  to   space 31232K, 0% used [0x00000000e9380000,0x00000000e9380000,0x00000000eb200000)
 ParOldGen       total 123904K, used 76373K [0x0000000080000000, 0x0000000087900000, 0x00000000d5580000)
  object space 123904K, 61% used [0x0000000080000000,0x0000000084a95568,0x0000000087900000)
 Metaspace       used 83563K, capacity 87150K, committed 87320K, reserved 1124352K
  class space    used 11045K, capacity 11746K, committed 11824K, reserved 1048576K
Event: 35.093 GC heap after
Heap after GC invocations=16 (full 3):
 PSYoungGen      total 356864K, used 31129K [0x00000000d5580000, 0x00000000f1580000, 0x0000000100000000)
  eden space 325632K, 0% used [0x00000000d5580000,0x00000000d5580000,0x00000000e9380000)
  from space 31232K, 99% used [0x00000000e9380000,0x00000000eb1e6400,0x00000000eb200000)
  to   space 35840K, 0% used [0x00000000ef280000,0x00000000ef280000,0x00000000f1580000)
 ParOldGen       total 123904K, used 76381K [0x0000000080000000, 0x0000000087900000, 0x00000000d5580000)
  object space 123904K, 61% used [0x0000000080000000,0x0000000084a97568,0x0000000087900000)
 Metaspace       used 83563K, capacity 87150K, committed 87320K, reserved 1124352K
  class space    used 11045K, capacity 11746K, committed 11824K, reserved 1048576K
}
Event: 37.998 GC heap before
{Heap before GC invocations=17 (full 3):
 PSYoungGen      total 356864K, used 272363K [0x00000000d5580000, 0x00000000f1580000, 0x0000000100000000)
  eden space 325632K, 74% used [0x00000000d5580000,0x00000000e41149d8,0x00000000e9380000)
  from space 31232K, 99% used [0x00000000e9380000,0x00000000eb1e6400,0x00000000eb200000)
  to   space 35840K, 0% used [0x00000000ef280000,0x00000000ef280000,0x00000000f1580000)
 ParOldGen       total 123904K, used 76381K [0x0000000080000000, 0x0000000087900000, 0x00000000d5580000)
  object space 123904K, 61% used [0x0000000080000000,0x0000000084a97568,0x0000000087900000)
 Metaspace       used 94619K, capacity 98510K, committed 98600K, reserved 1134592K
  class space    used 12383K, capacity 13150K, committed 13232K, reserved 1048576K
Event: 38.100 GC heap after
Heap after GC invocations=17 (full 3):
 PSYoungGen      total 410624K, used 35823K [0x00000000d5580000, 0x00000000f3a80000, 0x0000000100000000)
  eden space 374784K, 0% used [0x00000000d5580000,0x00000000d5580000,0x00000000ec380000)
  from space 35840K, 99% used [0x00000000ef280000,0x00000000f157bfb8,0x00000000f1580000)
  to   space 48128K, 0% used [0x00000000ec380000,0x00000000ec380000,0x00000000ef280000)
 ParOldGen       total 123904K, used 94140K [0x0000000080000000, 0x0000000087900000, 0x00000000d5580000)
  object space 123904K, 75% used [0x0000000080000000,0x0000000085bef240,0x0000000087900000)
 Metaspace       used 94619K, capacity 98510K, committed 98600K, reserved 1134592K
  class space    used 12383K, capacity 13150K, committed 13232K, reserved 1048576K
}
Event: 38.101 GC heap before
{Heap before GC invocations=18 (full 4):
 PSYoungGen      total 410624K, used 35823K [0x00000000d5580000, 0x00000000f3a80000, 0x0000000100000000)
  eden space 374784K, 0% used [0x00000000d5580000,0x00000000d5580000,0x00000000ec380000)
  from space 35840K, 99% used [0x00000000ef280000,0x00000000f157bfb8,0x00000000f1580000)
  to   space 48128K, 0% used [0x00000000ec380000,0x00000000ec380000,0x00000000ef280000)
 ParOldGen       total 123904K, used 94140K [0x0000000080000000, 0x0000000087900000, 0x00000000d5580000)
  object space 123904K, 75% used [0x0000000080000000,0x0000000085bef240,0x0000000087900000)
 Metaspace       used 94619K, capacity 98510K, committed 98600K, reserved 1134592K
  class space    used 12383K, capacity 13150K, committed 13232K, reserved 1048576K
Event: 38.520 GC heap after
Heap after GC invocations=18 (full 4):
 PSYoungGen      total 410624K, used 0K [0x00000000d5580000, 0x00000000f3a80000, 0x0000000100000000)
  eden space 374784K, 0% used [0x00000000d5580000,0x00000000d5580000,0x00000000ec380000)
  from space 35840K, 0% used [0x00000000ef280000,0x00000000ef280000,0x00000000f1580000)
  to   space 48128K, 0% used [0x00000000ec380000,0x00000000ec380000,0x00000000ef280000)
 ParOldGen       total 218624K, used 93133K [0x0000000080000000, 0x000000008d580000, 0x00000000d5580000)
  object space 218624K, 42% used [0x0000000080000000,0x0000000085af34c0,0x000000008d580000)
 Metaspace       used 94577K, capacity 98384K, committed 98600K, reserved 1134592K
  class space    used 12371K, capacity 13129K, committed 13232K, reserved 1048576K
}
Event: 43.309 GC heap before
{Heap before GC invocations=19 (full 4):
 PSYoungGen      total 410624K, used 374784K [0x00000000d5580000, 0x00000000f3a80000, 0x0000000100000000)
  eden space 374784K, 100% used [0x00000000d5580000,0x00000000ec380000,0x00000000ec380000)
  from space 35840K, 0% used [0x00000000ef280000,0x00000000ef280000,0x00000000f1580000)
  to   space 48128K, 0% used [0x00000000ec380000,0x00000000ec380000,0x00000000ef280000)
 ParOldGen       total 218624K, used 93133K [0x0000000080000000, 0x000000008d580000, 0x00000000d5580000)
  object space 218624K, 42% used [0x0000000080000000,0x0000000085af34c0,0x000000008d580000)
 Metaspace       used 104954K, capacity 109264K, committed 109464K, reserved 1144832K
  class space    used 13578K, capacity 14419K, committed 14512K, reserved 1048576K

