# JRE version: OpenJDK Runtime Environment (8.0_242) (build 1.8.0_242-release-1644-b3-6222593)
# Java VM: OpenJDK 64-Bit Server VM (25.242-b3-6222593 mixed mode linux-amd64 compressed oops)
Heap:
 PSYoungGen      total 504832K, used 36099K [0x00000000d5580000, 0x00000000f6900000, 0x0000000100000000)
  eden space 465408K, 0% used [0x00000000d5580000,0x00000000d5580000,0x00000000f1c00000)
  from space 39424K, 91% used [0x00000000f1c00000,0x00000000f3f40d38,0x00000000f4280000)
  to   space 36864K, 0% used [0x00000000f4500000,0x00000000f4500000,0x00000000f6900000)
 ParOldGen       total 190464K, used 71799K [0x0000000080000000, 0x000000008ba00000, 0x00000000d5580000)
  object space 190464K, 37% used [0x0000000080000000,0x000000008461dee8,0x000000008ba00000)
 Metaspace       used 112814K, capacity 118114K, committed 118424K, reserved 1153024K
  class space    used 14490K, capacity 15458K, committed 15536K, reserved 1048576K
GC Heap History (10 events):
Event: 19.732 GC heap after
Heap after GC invocations=16 (full 3):
 PSYoungGen      total 364544K, used 28669K [0x00000000d5580000, 0x00000000f2580000, 0x0000000100000000)
  eden space 335872K, 0% used [0x00000000d5580000,0x00000000d5580000,0x00000000e9d80000)
  from space 28672K, 99% used [0x00000000e9d80000,0x00000000eb97f4c8,0x00000000eb980000)
  to   space 34304K, 0% used [0x00000000f0400000,0x00000000f0400000,0x00000000f2580000)
 ParOldGen       total 120320K, used 61830K [0x0000000080000000, 0x0000000087580000, 0x00000000d5580000)
  object space 120320K, 51% used [0x0000000080000000,0x0000000083c61b70,0x0000000087580000)
 Metaspace       used 82622K, capacity 87056K, committed 87192K, reserved 1124352K
  class space    used 11322K, capacity 12161K, committed 12208K, reserved 1048576K
}
Event: 22.082 GC heap before
{Heap before GC invocations=17 (full 3):
 PSYoungGen      total 364544K, used 364541K [0x00000000d5580000, 0x00000000f2580000, 0x0000000100000000)
  eden space 335872K, 100% used [0x00000000d5580000,0x00000000e9d80000,0x00000000e9d80000)
  from space 28672K, 99% used [0x00000000e9d80000,0x00000000eb97f4c8,0x00000000eb980000)
  to   space 34304K, 0% used [0x00000000f0400000,0x00000000f0400000,0x00000000f2580000)
 ParOldGen       total 120320K, used 61830K [0x0000000080000000, 0x0000000087580000, 0x00000000d5580000)
  object space 120320K, 51% used [0x0000000080000000,0x0000000083c61b70,0x0000000087580000)
 Metaspace       used 84027K, capacity 88500K, committed 88856K, reserved 1126400K
  class space    used 11393K, capacity 12229K, committed 12336K, reserved 1048576K
Event: 22.113 GC heap after
Heap after GC invocations=17 (full 3):
 PSYoungGen      total 432640K, used 4263K [0x00000000d5580000, 0x00000000f2180000, 0x0000000100000000)
  eden space 402432K, 0% used [0x00000000d5580000,0x00000000d5580000,0x00000000ede80000)
  from space 30208K, 14% used [0x00000000f0400000,0x00000000f0829da8,0x00000000f2180000)
  to   space 34304K, 0% used [0x00000000ede80000,0x00000000ede80000,0x00000000f0000000)
 ParOldGen       total 120320K, used 78526K [0x0000000080000000, 0x0000000087580000, 0x00000000d5580000)
  object space 120320K, 65% used [0x0000000080000000,0x0000000084cafbb0,0x0000000087580000)
 Metaspace       used 84027K, capacity 88500K, committed 88856K, reserved 1126400K
  class space    used 11393K, capacity 12229K, committed 12336K, reserved 1048576K
}
Event: 1294.039 GC heap before
{Heap before GC invocations=18 (full 3):
 PSYoungGen      total 432640K, used 406695K [0x00000000d5580000, 0x00000000f2180000, 0x0000000100000000)
  eden space 402432K, 100% used [0x00000000d5580000,0x00000000ede80000,0x00000000ede80000)
  from space 30208K, 14% used [0x00000000f0400000,0x00000000f0829da8,0x00000000f2180000)
  to   space 34304K, 0% used [0x00000000ede80000,0x00000000ede80000,0x00000000f0000000)
 ParOldGen       total 120320K, used 78526K [0x0000000080000000, 0x0000000087580000, 0x00000000d5580000)
  object space 120320K, 65% used [0x0000000080000000,0x0000000084cafbb0,0x0000000087580000)
 Metaspace       used 91542K, capacity 96346K, committed 96536K, reserved 1132544K
  class space    used 12096K, capacity 12992K, committed 13104K, reserved 1048576K
Event: 1294.084 GC heap after
Heap after GC invocations=18 (full 3):
 PSYoungGen      total 436736K, used 32615K [0x00000000d5580000, 0x00000000f6b80000, 0x0000000100000000)
  eden space 402432K, 0% used [0x00000000d5580000,0x00000000d5580000,0x00000000ede80000)
  from space 34304K, 95% used [0x00000000ede80000,0x00000000efe59ed0,0x00000000f0000000)
  to   space 39424K, 0% used [0x00000000f4500000,0x00000000f4500000,0x00000000f6b80000)
 ParOldGen       total 120320K, used 78534K [0x0000000080000000, 0x0000000087580000, 0x00000000d5580000)
  object space 120320K, 65% used [0x0000000080000000,0x0000000084cb1bb0,0x0000000087580000)
 Metaspace       used 91542K, capacity 96346K, committed 96536K, reserved 1132544K
  class space    used 12096K, capacity 12992K, committed 13104K, reserved 1048576K
}
Event: 1296.959 GC heap before
{Heap before GC invocations=19 (full 3):
 PSYoungGen      total 436736K, used 278142K [0x00000000d5580000, 0x00000000f6b80000, 0x0000000100000000)
  eden space 402432K, 61% used [0x00000000d5580000,0x00000000e4545a50,0x00000000ede80000)
  from space 34304K, 95% used [0x00000000ede80000,0x00000000efe59ed0,0x00000000f0000000)
  to   space 39424K, 0% used [0x00000000f4500000,0x00000000f4500000,0x00000000f6b80000)
 ParOldGen       total 120320K, used 78534K [0x0000000080000000, 0x0000000087580000, 0x00000000d5580000)
  object space 120320K, 65% used [0x0000000080000000,0x0000000084cb1bb0,0x0000000087580000)
 Metaspace       used 93668K, capacity 98522K, committed 98600K, reserved 1134592K
  class space    used 12308K, capacity 13205K, committed 13232K, reserved 1048576K
Event: 1296.992 GC heap after
Heap after GC invocations=19 (full 3):
 PSYoungGen      total 502272K, used 22134K [0x00000000d5580000, 0x00000000f6900000, 0x0000000100000000)
  eden space 465408K, 0% used [0x00000000d5580000,0x00000000d5580000,0x00000000f1c00000)
  from space 36864K, 60% used [0x00000000f4500000,0x00000000f5a9d870,0x00000000f6900000)
  to   space 39424K, 0% used [0x00000000f1c00000,0x00000000f1c00000,0x00000000f4280000)
 ParOldGen       total 120320K, used 78542K [0x0000000080000000, 0x0000000087580000, 0x00000000d5580000)
  object space 120320K, 65% used [0x0000000080000000,0x0000000084cb3bb0,0x0000000087580000)
 Metaspace       used 93668K, capacity 98522K, committed 98600K, reserved 1134592K
  class space    used 12308K, capacity 13205K, committed 13232K, reserved 1048576K
}
Event: 1296.992 GC heap before
{Heap before GC invocations=20 (full 4):
 PSYoungGen      total 502272K, used 22134K [0x00000000d5580000, 0x00000000f6900000, 0x0000000100000000)
  eden space 465408K, 0% used [0x00000000d5580000,0x00000000d5580000,0x00000000f1c00000)
  from space 36864K, 60% used [0x00000000f4500000,0x00000000f5a9d870,0x00000000f6900000)
  to   space 39424K, 0% used [0x00000000f1c00000,0x00000000f1c00000,0x00000000f4280000)
 ParOldGen       total 120320K, used 78542K [0x0000000080000000, 0x0000000087580000, 0x00000000d5580000)
  object space 120320K, 65% used [0x0000000080000000,0x0000000084cb3bb0,0x0000000087580000)
 Metaspace       used 93668K, capacity 98522K, committed 98600K, reserved 1134592K
  class space    used 12308K, capacity 13205K, committed 13232K, reserved 1048576K
Event: 1297.283 GC heap after
Heap after GC invocations=20 (full 4):
 PSYoungGen      total 502272K, used 0K [0x00000000d5580000, 0x00000000f6900000, 0x0000000100000000)
  eden space 465408K, 0% used [0x00000000d5580000,0x00000000d5580000,0x00000000f1c00000)
  from space 36864K, 0% used [0x00000000f4500000,0x00000000f4500000,0x00000000f6900000)
  to   space 39424K, 0% used [0x00000000f1c00000,0x00000000f1c00000,0x00000000f4280000)
 ParOldGen       total 190464K, used 71783K [0x0000000080000000, 0x000000008ba00000, 0x00000000d5580000)
  object space 190464K, 37% used [0x0000000080000000,0x0000000084619ee8,0x000000008ba00000)
 Metaspace       used 93351K, capacity 97756K, committed 98600K, reserved 1134592K
  class space    used 12194K, capacity 13002K, committed 13232K, reserved 1048576K
}
Event: 1307.435 GC heap before
{Heap before GC invocations=21 (full 4):
 PSYoungGen      total 502272K, used 465408K [0x00000000d5580000, 0x00000000f6900000, 0x0000000100000000)
  eden space 465408K, 100% used [0x00000000d5580000,0x00000000f1c00000,0x00000000f1c00000)
  from space 36864K, 0% used [0x00000000f4500000,0x00000000f4500000,0x00000000f6900000)
  to   space 39424K, 0% used [0x00000000f1c00000,0x00000000f1c00000,0x00000000f4280000)
 ParOldGen       total 190464K, used 71783K [0x0000000080000000, 0x000000008ba00000, 0x00000000d5580000)
  object space 190464K, 37% used [0x0000000080000000,0x0000000084619ee8,0x000000008ba00000)
 Metaspace       used 112814K, capacity 118114K, committed 118424K, reserved 1153024K
  class space    used 14490K, capacity 15458K, committed 15536K, reserved 1048576K

