# JRE version: OpenJDK Runtime Environment (8.0_242) (build 1.8.0_242-release-1644-b3-6222593)
# Java VM: OpenJDK 64-Bit Server VM (25.242-b3-6222593 mixed mode linux-amd64 compressed oops)
Heap:
 PSYoungGen      total 347136K, used 27644K [0x00000000d5580000, 0x00000000ec380000, 0x0000000100000000)
  eden space 319488K, 0% used [0x00000000d5580000,0x00000000d5580000,0x00000000e8d80000)
  from space 27648K, 99% used [0x00000000e8d80000,0x00000000ea87f298,0x00000000ea880000)
  to   space 26112K, 0% used [0x00000000ea880000,0x00000000ea880000,0x00000000ec200000)
 ParOldGen       total 125440K, used 76391K [0x0000000080000000, 0x0000000087a80000, 0x00000000d5580000)
  object space 125440K, 60% used [0x0000000080000000,0x0000000084a99da8,0x0000000087a80000)
 Metaspace       used 89038K, capacity 92594K, committed 92824K, reserved 1130496K
  class space    used 11711K, capacity 12396K, committed 12464K, reserved 1048576K
GC Heap History (10 events):
Event: 6.435 GC heap after
Heap after GC invocations=11 (full 2):
 PSYoungGen      total 219648K, used 14174K [0x00000000d5580000, 0x00000000e7a80000, 0x0000000100000000)
  eden space 205312K, 0% used [0x00000000d5580000,0x00000000d5580000,0x00000000e1e00000)
  from space 14336K, 98% used [0x00000000e1e00000,0x00000000e2bd7918,0x00000000e2c00000)
  to   space 16384K, 0% used [0x00000000e6a80000,0x00000000e6a80000,0x00000000e7a80000)
 ParOldGen       total 78336K, used 15642K [0x0000000080000000, 0x0000000084c80000, 0x00000000d5580000)
  object space 78336K, 19% used [0x0000000080000000,0x0000000080f46980,0x0000000084c80000)
 Metaspace       used 44257K, capacity 46086K, committed 46376K, reserved 1089536K
  class space    used 5998K, capacity 6405K, committed 6448K, reserved 1048576K
}
Event: 8.841 GC heap before
{Heap before GC invocations=12 (full 2):
 PSYoungGen      total 219648K, used 181535K [0x00000000d5580000, 0x00000000e7a80000, 0x0000000100000000)
  eden space 205312K, 81% used [0x00000000d5580000,0x00000000df8f0468,0x00000000e1e00000)
  from space 14336K, 98% used [0x00000000e1e00000,0x00000000e2bd7918,0x00000000e2c00000)
  to   space 16384K, 0% used [0x00000000e6a80000,0x00000000e6a80000,0x00000000e7a80000)
 ParOldGen       total 78336K, used 15642K [0x0000000080000000, 0x0000000084c80000, 0x00000000d5580000)
  object space 78336K, 19% used [0x0000000080000000,0x0000000080f46980,0x0000000084c80000)
 Metaspace       used 56850K, capacity 59050K, committed 59160K, reserved 1099776K
  class space    used 7674K, capacity 8172K, committed 8240K, reserved 1048576K
Event: 8.872 GC heap after
Heap after GC invocations=12 (full 2):
 PSYoungGen      total 278016K, used 16380K [0x00000000d5580000, 0x00000000e8080000, 0x0000000100000000)
  eden space 261632K, 0% used [0x00000000d5580000,0x00000000d5580000,0x00000000e5500000)
  from space 16384K, 99% used [0x00000000e6a80000,0x00000000e7a7f300,0x00000000e7a80000)
  to   space 22016K, 0% used [0x00000000e5500000,0x00000000e5500000,0x00000000e6a80000)
 ParOldGen       total 78336K, used 26084K [0x0000000080000000, 0x0000000084c80000, 0x00000000d5580000)
  object space 78336K, 33% used [0x0000000080000000,0x0000000081979040,0x0000000084c80000)
 Metaspace       used 56850K, capacity 59050K, committed 59160K, reserved 1099776K
  class space    used 7674K, capacity 8172K, committed 8240K, reserved 1048576K
}
Event: 8.872 GC heap before
{Heap before GC invocations=13 (full 3):
 PSYoungGen      total 278016K, used 16380K [0x00000000d5580000, 0x00000000e8080000, 0x0000000100000000)
  eden space 261632K, 0% used [0x00000000d5580000,0x00000000d5580000,0x00000000e5500000)
  from space 16384K, 99% used [0x00000000e6a80000,0x00000000e7a7f300,0x00000000e7a80000)
  to   space 22016K, 0% used [0x00000000e5500000,0x00000000e5500000,0x00000000e6a80000)
 ParOldGen       total 78336K, used 26084K [0x0000000080000000, 0x0000000084c80000, 0x00000000d5580000)
  object space 78336K, 33% used [0x0000000080000000,0x0000000081979040,0x0000000084c80000)
 Metaspace       used 56850K, capacity 59050K, committed 59160K, reserved 1099776K
  class space    used 7674K, capacity 8172K, committed 8240K, reserved 1048576K
Event: 9.090 GC heap after
Heap after GC invocations=13 (full 3):
 PSYoungGen      total 278016K, used 0K [0x00000000d5580000, 0x00000000e8080000, 0x0000000100000000)
  eden space 261632K, 0% used [0x00000000d5580000,0x00000000d5580000,0x00000000e5500000)
  from space 16384K, 0% used [0x00000000e6a80000,0x00000000e6a80000,0x00000000e7a80000)
  to   space 22016K, 0% used [0x00000000e5500000,0x00000000e5500000,0x00000000e6a80000)
 ParOldGen       total 125440K, used 39191K [0x0000000080000000, 0x0000000087a80000, 0x00000000d5580000)
  object space 125440K, 31% used [0x0000000080000000,0x0000000082645c88,0x0000000087a80000)
 Metaspace       used 56844K, capacity 59032K, committed 59160K, reserved 1099776K
  class space    used 7672K, capacity 8169K, committed 8240K, reserved 1048576K
}
Event: 12.883 GC heap before
{Heap before GC invocations=14 (full 3):
 PSYoungGen      total 278016K, used 261632K [0x00000000d5580000, 0x00000000e8080000, 0x0000000100000000)
  eden space 261632K, 100% used [0x00000000d5580000,0x00000000e5500000,0x00000000e5500000)
  from space 16384K, 0% used [0x00000000e6a80000,0x00000000e6a80000,0x00000000e7a80000)
  to   space 22016K, 0% used [0x00000000e5500000,0x00000000e5500000,0x00000000e6a80000)
 ParOldGen       total 125440K, used 39191K [0x0000000080000000, 0x0000000087a80000, 0x00000000d5580000)
  object space 125440K, 31% used [0x0000000080000000,0x0000000082645c88,0x0000000087a80000)
 Metaspace       used 67191K, capacity 70160K, committed 70424K, reserved 1110016K
  class space    used 9137K, capacity 9731K, committed 9776K, reserved 1048576K
Event: 12.915 GC heap after
Heap after GC invocations=14 (full 3):
 PSYoungGen      total 283648K, used 21987K [0x00000000d5580000, 0x00000000ec200000, 0x0000000100000000)
  eden space 261632K, 0% used [0x00000000d5580000,0x00000000d5580000,0x00000000e5500000)
  from space 22016K, 99% used [0x00000000e5500000,0x00000000e6a78c78,0x00000000e6a80000)
  to   space 26112K, 0% used [0x00000000ea880000,0x00000000ea880000,0x00000000ec200000)
 ParOldGen       total 125440K, used 41429K [0x0000000080000000, 0x0000000087a80000, 0x00000000d5580000)
  object space 125440K, 33% used [0x0000000080000000,0x0000000082875758,0x0000000087a80000)
 Metaspace       used 67191K, capacity 70160K, committed 70424K, reserved 1110016K
  class space    used 9137K, capacity 9731K, committed 9776K, reserved 1048576K
}
Event: 15.549 GC heap before
{Heap before GC invocations=15 (full 3):
 PSYoungGen      total 283648K, used 283619K [0x00000000d5580000, 0x00000000ec200000, 0x0000000100000000)
  eden space 261632K, 100% used [0x00000000d5580000,0x00000000e5500000,0x00000000e5500000)
  from space 22016K, 99% used [0x00000000e5500000,0x00000000e6a78c78,0x00000000e6a80000)
  to   space 26112K, 0% used [0x00000000ea880000,0x00000000ea880000,0x00000000ec200000)
 ParOldGen       total 125440K, used 41429K [0x0000000080000000, 0x0000000087a80000, 0x00000000d5580000)
  object space 125440K, 33% used [0x0000000080000000,0x0000000082875758,0x0000000087a80000)
 Metaspace       used 73816K, capacity 77068K, committed 77208K, reserved 1116160K
  class space    used 9959K, capacity 10607K, committed 10672K, reserved 1048576K
Event: 15.598 GC heap after
Heap after GC invocations=15 (full 3):
 PSYoungGen      total 345600K, used 19317K [0x00000000d5580000, 0x00000000ec380000, 0x0000000100000000)
  eden space 319488K, 0% used [0x00000000d5580000,0x00000000d5580000,0x00000000e8d80000)
  from space 26112K, 73% used [0x00000000ea880000,0x00000000ebb5d7a0,0x00000000ec200000)
  to   space 27648K, 0% used [0x00000000e8d80000,0x00000000e8d80000,0x00000000ea880000)
 ParOldGen       total 125440K, used 57533K [0x0000000080000000, 0x0000000087a80000, 0x00000000d5580000)
  object space 125440K, 45% used [0x0000000080000000,0x000000008382f5c0,0x0000000087a80000)
 Metaspace       used 73816K, capacity 77068K, committed 77208K, reserved 1116160K
  class space    used 9959K, capacity 10607K, committed 10672K, reserved 1048576K
}
Event: 20.172 GC heap before
{Heap before GC invocations=16 (full 3):
 PSYoungGen      total 345600K, used 338721K [0x00000000d5580000, 0x00000000ec380000, 0x0000000100000000)
  eden space 319488K, 99% used [0x00000000d5580000,0x00000000e8d6add0,0x00000000e8d80000)
  from space 26112K, 73% used [0x00000000ea880000,0x00000000ebb5d7a0,0x00000000ec200000)
  to   space 27648K, 0% used [0x00000000e8d80000,0x00000000e8d80000,0x00000000ea880000)
 ParOldGen       total 125440K, used 57533K [0x0000000080000000, 0x0000000087a80000, 0x00000000d5580000)
  object space 125440K, 45% used [0x0000000080000000,0x000000008382f5c0,0x0000000087a80000)
 Metaspace       used 89038K, capacity 92594K, committed 92824K, reserved 1130496K
  class space    used 11711K, capacity 12396K, committed 12464K, reserved 1048576K

