# JRE version: OpenJDK Runtime Environment (8.0_242) (build 1.8.0_242-release-1644-b3-6222593)
# Java VM: OpenJDK 64-Bit Server VM (25.242-b3-6222593 mixed mode linux-amd64 compressed oops)
Heap:
 PSYoungGen      total 406016K, used 31203K [0x00000000d5580000, 0x00000000f0080000, 0x0000000100000000)
  eden space 374784K, 0% used [0x00000000d5580000,0x00000000d5580000,0x00000000ec380000)
  from space 31232K, 99% used [0x00000000ec380000,0x00000000ee1f8e88,0x00000000ee200000)
  to   space 27136K, 0% used [0x00000000ee280000,0x00000000ee280000,0x00000000efd00000)
 ParOldGen       total 110592K, used 82132K [0x0000000080000000, 0x0000000086c00000, 0x00000000d5580000)
  object space 110592K, 74% used [0x0000000080000000,0x0000000085035098,0x0000000086c00000)
 Metaspace       used 88793K, capacity 93022K, committed 93208K, reserved 1130496K
  class space    used 11977K, capacity 12803K, committed 12848K, reserved 1048576K
GC Heap History (10 events):
Event: 6.732 GC heap after
Heap after GC invocations=11 (full 2):
 PSYoungGen      total 231936K, used 14312K [0x00000000d5580000, 0x00000000e9b80000, 0x0000000100000000)
  eden space 217600K, 0% used [0x00000000d5580000,0x00000000d5580000,0x00000000e2a00000)
  from space 14336K, 99% used [0x00000000e2a00000,0x00000000e37fa0f0,0x00000000e3800000)
  to   space 16896K, 0% used [0x00000000e8b00000,0x00000000e8b00000,0x00000000e9b80000)
 ParOldGen       total 70144K, used 16732K [0x0000000080000000, 0x0000000084480000, 0x00000000d5580000)
  object space 70144K, 23% used [0x0000000080000000,0x00000000810572a0,0x0000000084480000)
 Metaspace       used 45316K, capacity 47182K, committed 47528K, reserved 1089536K
  class space    used 6123K, capacity 6509K, committed 6576K, reserved 1048576K
}
Event: 8.581 GC heap before
{Heap before GC invocations=12 (full 2):
 PSYoungGen      total 231936K, used 167160K [0x00000000d5580000, 0x00000000e9b80000, 0x0000000100000000)
  eden space 217600K, 70% used [0x00000000d5580000,0x00000000deac4008,0x00000000e2a00000)
  from space 14336K, 99% used [0x00000000e2a00000,0x00000000e37fa0f0,0x00000000e3800000)
  to   space 16896K, 0% used [0x00000000e8b00000,0x00000000e8b00000,0x00000000e9b80000)
 ParOldGen       total 70144K, used 16732K [0x0000000080000000, 0x0000000084480000, 0x00000000d5580000)
  object space 70144K, 23% used [0x0000000080000000,0x00000000810572a0,0x0000000084480000)
 Metaspace       used 56838K, capacity 59082K, committed 59160K, reserved 1099776K
  class space    used 7676K, capacity 8176K, committed 8240K, reserved 1048576K
Event: 8.612 GC heap after
Heap after GC invocations=12 (full 2):
 PSYoungGen      total 311296K, used 16879K [0x00000000d5580000, 0x00000000ea100000, 0x0000000100000000)
  eden space 294400K, 0% used [0x00000000d5580000,0x00000000d5580000,0x00000000e7500000)
  from space 16896K, 99% used [0x00000000e8b00000,0x00000000e9b7bf38,0x00000000e9b80000)
  to   space 22528K, 0% used [0x00000000e7500000,0x00000000e7500000,0x00000000e8b00000)
 ParOldGen       total 70144K, used 26445K [0x0000000080000000, 0x0000000084480000, 0x00000000d5580000)
  object space 70144K, 37% used [0x0000000080000000,0x00000000819d37f8,0x0000000084480000)
 Metaspace       used 56838K, capacity 59082K, committed 59160K, reserved 1099776K
  class space    used 7676K, capacity 8176K, committed 8240K, reserved 1048576K
}
Event: 8.612 GC heap before
{Heap before GC invocations=13 (full 3):
 PSYoungGen      total 311296K, used 16879K [0x00000000d5580000, 0x00000000ea100000, 0x0000000100000000)
  eden space 294400K, 0% used [0x00000000d5580000,0x00000000d5580000,0x00000000e7500000)
  from space 16896K, 99% used [0x00000000e8b00000,0x00000000e9b7bf38,0x00000000e9b80000)
  to   space 22528K, 0% used [0x00000000e7500000,0x00000000e7500000,0x00000000e8b00000)
 ParOldGen       total 70144K, used 26445K [0x0000000080000000, 0x0000000084480000, 0x00000000d5580000)
  object space 70144K, 37% used [0x0000000080000000,0x00000000819d37f8,0x0000000084480000)
 Metaspace       used 56838K, capacity 59082K, committed 59160K, reserved 1099776K
  class space    used 7676K, capacity 8176K, committed 8240K, reserved 1048576K
Event: 8.807 GC heap after
Heap after GC invocations=13 (full 3):
 PSYoungGen      total 311296K, used 0K [0x00000000d5580000, 0x00000000ea100000, 0x0000000100000000)
  eden space 294400K, 0% used [0x00000000d5580000,0x00000000d5580000,0x00000000e7500000)
  from space 16896K, 0% used [0x00000000e8b00000,0x00000000e8b00000,0x00000000e9b80000)
  to   space 22528K, 0% used [0x00000000e7500000,0x00000000e7500000,0x00000000e8b00000)
 ParOldGen       total 110592K, used 38981K [0x0000000080000000, 0x0000000086c00000, 0x00000000d5580000)
  object space 110592K, 35% used [0x0000000080000000,0x0000000082611678,0x0000000086c00000)
 Metaspace       used 56825K, capacity 59040K, committed 59160K, reserved 1099776K
  class space    used 7672K, capacity 8169K, committed 8240K, reserved 1048576K
}
Event: 13.137 GC heap before
{Heap before GC invocations=14 (full 3):
 PSYoungGen      total 311296K, used 294400K [0x00000000d5580000, 0x00000000ea100000, 0x0000000100000000)
  eden space 294400K, 100% used [0x00000000d5580000,0x00000000e7500000,0x00000000e7500000)
  from space 16896K, 0% used [0x00000000e8b00000,0x00000000e8b00000,0x00000000e9b80000)
  to   space 22528K, 0% used [0x00000000e7500000,0x00000000e7500000,0x00000000e8b00000)
 ParOldGen       total 110592K, used 38981K [0x0000000080000000, 0x0000000086c00000, 0x00000000d5580000)
  object space 110592K, 35% used [0x0000000080000000,0x0000000082611678,0x0000000086c00000)
 Metaspace       used 67461K, capacity 70454K, committed 70680K, reserved 1110016K
  class space    used 9149K, capacity 9768K, committed 9776K, reserved 1048576K
Event: 13.178 GC heap after
Heap after GC invocations=14 (full 3):
 PSYoungGen      total 316928K, used 22526K [0x00000000d5580000, 0x00000000efd00000, 0x0000000100000000)
  eden space 294400K, 0% used [0x00000000d5580000,0x00000000d5580000,0x00000000e7500000)
  from space 22528K, 99% used [0x00000000e7500000,0x00000000e8affa58,0x00000000e8b00000)
  to   space 27136K, 0% used [0x00000000ee280000,0x00000000ee280000,0x00000000efd00000)
 ParOldGen       total 110592K, used 42961K [0x0000000080000000, 0x0000000086c00000, 0x00000000d5580000)
  object space 110592K, 38% used [0x0000000080000000,0x00000000829f45e0,0x0000000086c00000)
 Metaspace       used 67461K, capacity 70454K, committed 70680K, reserved 1110016K
  class space    used 9149K, capacity 9768K, committed 9776K, reserved 1048576K
}
Event: 15.723 GC heap before
{Heap before GC invocations=15 (full 3):
 PSYoungGen      total 316928K, used 316926K [0x00000000d5580000, 0x00000000efd00000, 0x0000000100000000)
  eden space 294400K, 100% used [0x00000000d5580000,0x00000000e7500000,0x00000000e7500000)
  from space 22528K, 99% used [0x00000000e7500000,0x00000000e8affa58,0x00000000e8b00000)
  to   space 27136K, 0% used [0x00000000ee280000,0x00000000ee280000,0x00000000efd00000)
 ParOldGen       total 110592K, used 42961K [0x0000000080000000, 0x0000000086c00000, 0x00000000d5580000)
  object space 110592K, 38% used [0x0000000080000000,0x00000000829f45e0,0x0000000086c00000)
 Metaspace       used 77250K, capacity 80534K, committed 80664K, reserved 1118208K
  class space    used 10388K, capacity 11017K, committed 11056K, reserved 1048576K
Event: 15.772 GC heap after
Heap after GC invocations=15 (full 3):
 PSYoungGen      total 401920K, used 26783K [0x00000000d5580000, 0x00000000f0080000, 0x0000000100000000)
  eden space 374784K, 0% used [0x00000000d5580000,0x00000000d5580000,0x00000000ec380000)
  from space 27136K, 98% used [0x00000000ee280000,0x00000000efca7d10,0x00000000efd00000)
  to   space 31232K, 0% used [0x00000000ec380000,0x00000000ec380000,0x00000000ee200000)
 ParOldGen       total 110592K, used 60831K [0x0000000080000000, 0x0000000086c00000, 0x00000000d5580000)
  object space 110592K, 55% used [0x0000000080000000,0x0000000083b67df8,0x0000000086c00000)
 Metaspace       used 77250K, capacity 80534K, committed 80664K, reserved 1118208K
  class space    used 10388K, capacity 11017K, committed 11056K, reserved 1048576K
}
Event: 20.239 GC heap before
{Heap before GC invocations=16 (full 3):
 PSYoungGen      total 401920K, used 401567K [0x00000000d5580000, 0x00000000f0080000, 0x0000000100000000)
  eden space 374784K, 100% used [0x00000000d5580000,0x00000000ec380000,0x00000000ec380000)
  from space 27136K, 98% used [0x00000000ee280000,0x00000000efca7d10,0x00000000efd00000)
  to   space 31232K, 0% used [0x00000000ec380000,0x00000000ec380000,0x00000000ee200000)
 ParOldGen       total 110592K, used 60831K [0x0000000080000000, 0x0000000086c00000, 0x00000000d5580000)
  object space 110592K, 55% used [0x0000000080000000,0x0000000083b67df8,0x0000000086c00000)
 Metaspace       used 88793K, capacity 93022K, committed 93208K, reserved 1130496K
  class space    used 11977K, capacity 12803K, committed 12848K, reserved 1048576K

